{
	"/Users/imransayed/Projects/react-skeleton/apps/web/src/App.tsx": {
		"path": "/Users/imransayed/Projects/react-skeleton/apps/web/src/App.tsx",
		"statementMap": {
			"0": {
				"start": { "line": 1, "column": 0 },
				"end": { "line": 1, "column": 33 }
			},
			"1": {
				"start": { "line": 2, "column": 0 },
				"end": { "line": 2, "column": 43 }
			},
			"2": {
				"start": { "line": 3, "column": 0 },
				"end": { "line": 3, "column": 33 }
			},
			"3": {
				"start": { "line": 4, "column": 0 },
				"end": { "line": 4, "column": 51 }
			},
			"4": {
				"start": { "line": 7, "column": 27 },
				"end": { "line": 7, "column": 38 }
			},
			"5": {
				"start": { "line": 9, "column": 1 },
				"end": { "line": 40, "column": 3 }
			},
			"6": {
				"start": { "line": 29, "column": 27 },
				"end": { "line": 29, "column": 57 }
			},
			"7": {
				"start": { "line": 29, "column": 47 },
				"end": { "line": 29, "column": 56 }
			},
			"8": {
				"start": { "line": 43, "column": 0 },
				"end": { "line": 43, "column": 19 }
			}
		},
		"fnMap": {
			"0": {
				"name": "App",
				"decl": {
					"start": { "line": 6, "column": 9 },
					"end": { "line": 6, "column": 12 }
				},
				"loc": {
					"start": { "line": 6, "column": 12 },
					"end": { "line": 41, "column": 1 }
				}
			},
			"1": {
				"name": "(anonymous_2)",
				"decl": {
					"start": { "line": 29, "column": 21 },
					"end": { "line": 29, "column": 24 }
				},
				"loc": {
					"start": { "line": 29, "column": 27 },
					"end": { "line": 29, "column": 57 }
				}
			},
			"2": {
				"name": "(anonymous_3)",
				"decl": {
					"start": { "line": 29, "column": 36 },
					"end": { "line": 29, "column": 37 }
				},
				"loc": {
					"start": { "line": 29, "column": 47 },
					"end": { "line": 29, "column": 56 }
				}
			}
		},
		"branchMap": {},
		"s": {
			"0": 1,
			"1": 1,
			"2": 1,
			"3": 1,
			"4": 2,
			"5": 2,
			"6": 1,
			"7": 1,
			"8": 1
		},
		"f": { "0": 2, "1": 1, "2": 1 },
		"b": {}
	}
}
